<?xml version="1.0" encoding="UTF-8"?>
<testng-results skipped="0" failed="0" total="2" passed="2">
  <reporter-output>
  </reporter-output>
  <suite name="Suite" duration-ms="23181" started-at="2018-03-13T05:44:01Z" finished-at="2018-03-13T05:44:24Z">
    <groups>
    </groups>
    <test name="Test" duration-ms="23181" started-at="2018-03-13T05:44:01Z" finished-at="2018-03-13T05:44:24Z">
      <class name="tests.TestContactUs">
        <test-method status="PASS" signature="setUp(java.lang.String)[pri:0, instance:tests.TestContactUs@246ae04d]" name="setUp" is-config="true" duration-ms="9778" started-at="2018-03-13T01:44:01Z" finished-at="2018-03-13T01:44:11Z">
          <params>
            <param index="0">
              <value>
                <![CDATA[ch]]>
              </value>
            </param>
          </params>
          <reporter-output>
          </reporter-output>
        </test-method> <!-- setUp -->
        <test-method status="PASS" signature="contactUsPositiveTest()[pri:0, instance:tests.TestContactUs@246ae04d]" name="contactUsPositiveTest" duration-ms="1233" started-at="2018-03-13T01:44:11Z" finished-at="2018-03-13T01:44:12Z">
          <reporter-output>
          </reporter-output>
        </test-method> <!-- contactUsPositiveTest -->
        <test-method status="PASS" signature="closeConnection()[pri:0, instance:tests.TestContactUs@246ae04d]" name="closeConnection" is-config="true" duration-ms="1666" started-at="2018-03-13T01:44:12Z" finished-at="2018-03-13T01:44:13Z">
          <reporter-output>
          </reporter-output>
        </test-method> <!-- closeConnection -->
        <test-method status="PASS" signature="setUp(java.lang.String)[pri:0, instance:tests.TestContactUs@246ae04d]" name="setUp" is-config="true" duration-ms="8999" started-at="2018-03-13T01:44:13Z" finished-at="2018-03-13T01:44:22Z">
          <params>
            <param index="0">
              <value>
                <![CDATA[ch]]>
              </value>
            </param>
          </params>
          <reporter-output>
          </reporter-output>
        </test-method> <!-- setUp -->
        <test-method status="PASS" signature="contactUsNegitiveTest()[pri:1, instance:tests.TestContactUs@246ae04d]" name="contactUsNegitiveTest" duration-ms="425" started-at="2018-03-13T01:44:22Z" finished-at="2018-03-13T01:44:23Z">
          <reporter-output>
          </reporter-output>
        </test-method> <!-- contactUsNegitiveTest -->
        <test-method status="PASS" signature="closeConnection()[pri:0, instance:tests.TestContactUs@246ae04d]" name="closeConnection" is-config="true" duration-ms="1065" started-at="2018-03-13T01:44:23Z" finished-at="2018-03-13T01:44:24Z">
          <reporter-output>
          </reporter-output>
        </test-method> <!-- closeConnection -->
      </class> <!-- tests.TestContactUs -->
    </test> <!-- Test -->
  </suite> <!-- Suite -->
</testng-results>
